22-06-22 09:11:48.444 : Model path: model_zoo/10000_G_15-15.pth
22-06-22 09:11:48.444 : Params number: 740438
22-06-22 09:11:48.444 : Model_name:10000_G_15-15
22-06-22 09:11:48.444 : testsets/SRdataset_Img256/BSDS100/Input_15
22-06-22 09:12:20.939 : ---0-->   a_01.mat PSNR: 27.80dB; SSIM: 0.7940.
22-06-22 09:12:50.744 : ---1-->   a_02.mat PSNR: 28.74dB; SSIM: 0.8488.
22-06-22 09:13:20.863 : ---2-->   a_03.mat PSNR: 26.31dB; SSIM: 0.8786.
22-06-22 09:13:52.310 : ---3-->   a_04.mat PSNR: 33.03dB; SSIM: 0.9494.
22-06-22 09:14:23.347 : ---4-->   a_05.mat PSNR: 27.81dB; SSIM: 0.8480.
22-06-22 09:14:55.756 : ---5-->   a_06.mat PSNR: 37.15dB; SSIM: 0.9561.
22-06-22 09:15:26.920 : ---6-->   a_07.mat PSNR: 29.74dB; SSIM: 0.9146.
22-06-22 09:15:59.253 : ---7-->   a_08.mat PSNR: 25.56dB; SSIM: 0.8530.
22-06-22 09:16:30.165 : ---8-->   a_09.mat PSNR: 29.67dB; SSIM: 0.9213.
22-06-22 09:17:01.908 : ---9-->   a_10.mat PSNR: 33.46dB; SSIM: 0.9371.
22-06-22 09:17:32.360 : --10-->   a_11.mat PSNR: 29.42dB; SSIM: 0.9154.
22-06-22 09:18:03.342 : --11-->   a_12.mat PSNR: 32.30dB; SSIM: 0.9254.
22-06-22 09:18:34.646 : --12-->   a_13.mat PSNR: 32.32dB; SSIM: 0.9125.
22-06-22 09:19:05.391 : --13-->   a_14.mat PSNR: 32.02dB; SSIM: 0.9227.
22-06-22 09:19:35.968 : --14-->   a_15.mat PSNR: 26.64dB; SSIM: 0.8495.
22-06-22 09:20:08.227 : --15-->   a_16.mat PSNR: 39.14dB; SSIM: 0.9632.
22-06-22 09:20:39.256 : --16-->   a_17.mat PSNR: 30.21dB; SSIM: 0.8877.
22-06-22 09:21:13.465 : --17-->   a_18.mat PSNR: 29.73dB; SSIM: 0.9032.
22-06-22 09:21:44.821 : --18-->   a_19.mat PSNR: 30.75dB; SSIM: 0.8952.
22-06-22 09:22:17.237 : --19-->   a_20.mat PSNR: 30.22dB; SSIM: 0.9485.
22-06-22 09:22:49.659 : --20-->   a_21.mat PSNR: 41.36dB; SSIM: 0.9791.
22-06-22 09:23:21.466 : --21-->   a_22.mat PSNR: 23.74dB; SSIM: 0.8408.
22-06-22 09:23:53.293 : --22-->   a_23.mat PSNR: 32.90dB; SSIM: 0.8997.
22-06-22 09:24:25.276 : --23-->   a_24.mat PSNR: 28.54dB; SSIM: 0.8221.
22-06-22 09:24:58.077 : --24-->   a_25.mat PSNR: 28.25dB; SSIM: 0.8643.
22-06-22 09:25:28.747 : --25-->   a_26.mat PSNR: 34.63dB; SSIM: 0.9094.
22-06-22 09:26:01.397 : --26-->   a_27.mat PSNR: 26.09dB; SSIM: 0.7792.
22-06-22 09:26:35.943 : --27-->   a_28.mat PSNR: 32.39dB; SSIM: 0.9291.
22-06-22 09:27:09.068 : --28-->   a_29.mat PSNR: 35.95dB; SSIM: 0.9695.
22-06-22 09:27:41.242 : --29-->   a_30.mat PSNR: 30.49dB; SSIM: 0.9147.
22-06-22 09:28:12.938 : --30-->   a_31.mat PSNR: 37.96dB; SSIM: 0.9650.
22-06-22 09:28:44.818 : --31-->   a_32.mat PSNR: 28.32dB; SSIM: 0.7979.
22-06-22 09:29:16.107 : --32-->   a_33.mat PSNR: 25.18dB; SSIM: 0.7953.
22-06-22 09:29:50.600 : --33-->   a_34.mat PSNR: 21.99dB; SSIM: 0.8333.
22-06-22 09:30:22.091 : --34-->   a_35.mat PSNR: 30.80dB; SSIM: 0.9303.
22-06-22 09:30:56.738 : --35-->   a_36.mat PSNR: 27.77dB; SSIM: 0.8475.
22-06-22 09:31:30.354 : --36-->   a_37.mat PSNR: 29.43dB; SSIM: 0.8700.
22-06-22 09:32:03.871 : --37-->   a_38.mat PSNR: 33.00dB; SSIM: 0.9164.
22-06-22 09:32:36.519 : --38-->   a_39.mat PSNR: 28.82dB; SSIM: 0.7814.
22-06-22 09:33:07.011 : --39-->   a_40.mat PSNR: 29.11dB; SSIM: 0.8775.
22-06-22 09:33:40.252 : --40-->   a_41.mat PSNR: 30.96dB; SSIM: 0.8587.
22-06-22 09:34:11.783 : --41-->   a_42.mat PSNR: 28.24dB; SSIM: 0.8600.
22-06-22 09:34:43.692 : --42-->   a_43.mat PSNR: 35.22dB; SSIM: 0.9656.
22-06-22 09:35:15.081 : --43-->   a_44.mat PSNR: 29.93dB; SSIM: 0.9208.
22-06-22 09:35:48.597 : --44-->   a_45.mat PSNR: 28.80dB; SSIM: 0.9171.
22-06-22 09:36:22.062 : --45-->   a_46.mat PSNR: 22.31dB; SSIM: 0.6083.
22-06-22 09:36:55.747 : --46-->   a_47.mat PSNR: 28.13dB; SSIM: 0.7593.
22-06-22 09:37:28.425 : --47-->   a_48.mat PSNR: 27.80dB; SSIM: 0.8975.
22-06-22 09:38:01.619 : --48-->   a_49.mat PSNR: 29.53dB; SSIM: 0.9013.
22-06-22 09:38:32.366 : --49-->   a_50.mat PSNR: 29.16dB; SSIM: 0.8887.
22-06-22 09:38:32.366 : ------> Average PSNR(RGB) of (SRdataset_Img256/BSDS100/Input_15_10000_G_15-15) 30.18 dB; SSIM: 0.8825
22-06-22 09:38:32.366 : [30.17635981424553]
22-06-22 09:38:32.366 : [0.8824729799419838]
